[2023-07-30 12:28:17,936: INFO: main: Welcome to my custom log]
[2023-07-31 15:05:19,276: INFO: common: yaml file: config\config.yaml loaded successfully]
[2023-07-31 15:05:19,295: INFO: common: yaml file: params.yaml loaded successfully]
[2023-07-31 15:05:40,326: INFO: common: yaml file: config\config.yaml loaded successfully]
[2023-07-31 15:05:40,329: INFO: common: yaml file: params.yaml loaded successfully]
[2023-07-31 15:07:01,265: INFO: common: yaml file: config\config.yaml loaded successfully]
[2023-07-31 15:07:01,268: INFO: common: yaml file: params.yaml loaded successfully]
[2023-07-31 15:10:14,356: INFO: common: yaml file: config\config.yaml loaded successfully]
[2023-07-31 15:10:14,358: INFO: common: yaml file: params.yaml loaded successfully]
[2023-07-31 15:12:09,853: INFO: common: yaml file: config\config.yaml loaded successfully]
[2023-07-31 15:12:09,856: INFO: common: yaml file: params.yaml loaded successfully]
[2023-07-31 15:14:38,773: INFO: common: yaml file: config\config.yaml loaded successfully]
[2023-07-31 15:14:38,778: INFO: common: yaml file: params.yaml loaded successfully]
[2023-07-31 15:23:19,427: INFO: common: yaml file: config\config.yaml loaded successfully]
[2023-07-31 15:23:19,430: INFO: common: yaml file: params.yaml loaded successfully]
[2023-07-31 15:24:26,532: INFO: common: yaml file: config\config.yaml loaded successfully]
[2023-07-31 15:24:26,536: INFO: common: yaml file: params.yaml loaded successfully]
[2023-07-31 15:25:58,813: INFO: common: yaml file: config\config.yaml loaded successfully]
[2023-07-31 15:25:58,816: INFO: common: yaml file: params.yaml loaded successfully]
[2023-07-31 15:28:19,529: INFO: common: yaml file: config\config.yaml loaded successfully]
[2023-07-31 15:28:19,534: INFO: common: yaml file: params.yaml loaded successfully]
[2023-07-31 15:32:40,818: INFO: common: yaml file: config\config.yaml loaded successfully]
[2023-07-31 15:32:40,822: INFO: common: yaml file: params.yaml loaded successfully]
[2023-07-31 15:39:26,131: INFO: common: yaml file: config\config.yaml loaded successfully]
[2023-07-31 15:39:26,134: INFO: common: yaml file: params.yaml loaded successfully]
[2023-07-31 15:52:32,199: INFO: common: yaml file: config\config.yaml loaded successfully]
[2023-07-31 15:52:32,203: INFO: common: yaml file: params.yaml loaded successfully]
[2023-07-31 15:54:24,098: INFO: common: yaml file: config\config.yaml loaded successfully]
[2023-07-31 15:54:24,104: INFO: common: yaml file: params.yaml loaded successfully]
[2023-07-31 15:54:24,107: INFO: common: created directory at path :artifacts]
[2023-07-31 15:54:24,110: INFO: common: created directory at path :artifacts/data_ingestion]
[2023-07-31 15:56:15,056: INFO: common: yaml file: config\config.yaml loaded successfully]
[2023-07-31 15:56:15,060: INFO: common: yaml file: params.yaml loaded successfully]
[2023-07-31 15:56:15,064: INFO: common: created directory at path :artifacts]
[2023-07-31 15:56:15,066: INFO: common: created directory at path :artifacts/data_ingestion]
[2023-07-31 15:59:40,150: INFO: common: yaml file: config\config.yaml loaded successfully]
[2023-07-31 15:59:40,156: INFO: common: yaml file: params.yaml loaded successfully]
[2023-07-31 15:59:40,158: INFO: common: created directory at path :artifacts]
[2023-07-31 15:59:40,162: INFO: common: created directory at path :artifacts/data_ingestion]
[2023-07-31 15:59:55,393: INFO: 2552048497: artifacts/data_ingestion/data.zip downloaded with following info 
 Connection: close
Content-Length: 11931933
Cache-Control: max-age=300
Content-Security-Policy: default-src 'none'; style-src 'unsafe-inline'; sandbox
Content-Type: application/zip
ETag: "6867923c6ae58f6d94c541aacdc291f35adc887130d6d2f3b91541c184390016"
Strict-Transport-Security: max-age=31536000
X-Content-Type-Options: nosniff
X-Frame-Options: deny
X-XSS-Protection: 1; mode=block
X-GitHub-Request-Id: 29FA:3BB152:142339:1CDF16:64C78D1F
Accept-Ranges: bytes
Date: Mon, 31 Jul 2023 10:29:52 GMT
Via: 1.1 varnish
X-Served-By: cache-ccu830021-CCU
X-Cache: MISS
X-Cache-Hits: 0
X-Timer: S1690799392.944065,VS0,VE1028
Vary: Authorization,Accept-Encoding,Origin
Access-Control-Allow-Origin: *
Cross-Origin-Resource-Policy: cross-origin
X-Fastly-Request-ID: 94d5cd46ac8e48777fb1a1737bb395a059cdc29a
Expires: Mon, 31 Jul 2023 10:34:52 GMT
Source-Age: 1

]
[2023-07-31 16:26:01,936: INFO: main: >>>>>> stage Data Ingestion stage started <<<<<<]
[2023-07-31 16:26:01,939: INFO: common: yaml file: config\config.yaml loaded successfully]
[2023-07-31 16:26:01,940: INFO: common: yaml file: params.yaml loaded successfully]
[2023-07-31 16:26:01,942: INFO: common: created directory at path :artifacts]
[2023-07-31 16:26:01,943: INFO: common: created directory at path :artifacts/data_ingestion]
[2023-07-31 16:26:16,417: INFO: data_ingestion: artifacts/data_ingestion/data.zip downloaded with following info 
 Connection: close
Content-Length: 11931933
Cache-Control: max-age=300
Content-Security-Policy: default-src 'none'; style-src 'unsafe-inline'; sandbox
Content-Type: application/zip
ETag: "6867923c6ae58f6d94c541aacdc291f35adc887130d6d2f3b91541c184390016"
Strict-Transport-Security: max-age=31536000
X-Content-Type-Options: nosniff
X-Frame-Options: deny
X-XSS-Protection: 1; mode=block
X-GitHub-Request-Id: 29FA:3BB152:142339:1CDF16:64C78D1F
Accept-Ranges: bytes
Date: Mon, 31 Jul 2023 10:56:14 GMT
Via: 1.1 varnish
X-Served-By: cache-ccu830035-CCU
X-Cache: HIT
X-Cache-Hits: 0
X-Timer: S1690800974.688062,VS0,VE550
Vary: Authorization,Accept-Encoding,Origin
Access-Control-Allow-Origin: *
Cross-Origin-Resource-Policy: cross-origin
X-Fastly-Request-ID: 55350f3110df6203343e53e5a4140a04d610e4b4
Expires: Mon, 31 Jul 2023 11:01:14 GMT
Source-Age: 0

]
[2023-07-31 16:26:17,422: INFO: main: >>>>>> stage Data Ingestion stage completed <<<<<<

x==========x]
[2023-07-31 17:46:17,746: INFO: common: yaml file: config\config.yaml loaded successfully]
[2023-07-31 17:46:17,775: INFO: common: yaml file: params.yaml loaded successfully]
[2023-07-31 17:46:17,780: INFO: common: created directory at path :artifacts]
[2023-07-31 17:46:17,785: INFO: common: created directory at path :artifacts/prepare_base_model]
[2023-07-31 17:46:30,898: WARNING: saving_utils: Compiled the loaded model, but the compiled metrics have yet to be built. `model.compile_metrics` will be empty until you train or evaluate the model.]
[2023-07-31 19:38:52,322: INFO: main: >>>>>> stage Data Ingestion stage started <<<<<<]
[2023-07-31 19:38:52,328: INFO: common: yaml file: config\config.yaml loaded successfully]
[2023-07-31 19:38:52,336: INFO: common: yaml file: params.yaml loaded successfully]
[2023-07-31 19:38:52,344: INFO: common: created directory at path :artifacts]
[2023-07-31 19:38:52,344: INFO: common: created directory at path :artifacts/data_ingestion]
[2023-07-31 19:39:07,791: INFO: data_ingestion: artifacts/data_ingestion/data.zip downloaded with following info 
 Connection: close
Content-Length: 11931933
Cache-Control: max-age=300
Content-Security-Policy: default-src 'none'; style-src 'unsafe-inline'; sandbox
Content-Type: application/zip
ETag: "6867923c6ae58f6d94c541aacdc291f35adc887130d6d2f3b91541c184390016"
Strict-Transport-Security: max-age=31536000
X-Content-Type-Options: nosniff
X-Frame-Options: deny
X-XSS-Protection: 1; mode=block
X-GitHub-Request-Id: 3642:CF223:1A88D:21A4C:64C7C07F
Accept-Ranges: bytes
Date: Mon, 31 Jul 2023 14:09:05 GMT
Via: 1.1 varnish
X-Served-By: cache-ccu830048-CCU
X-Cache: MISS
X-Cache-Hits: 0
X-Timer: S1690812544.314487,VS0,VE1344
Vary: Authorization,Accept-Encoding,Origin
Access-Control-Allow-Origin: *
Cross-Origin-Resource-Policy: cross-origin
X-Fastly-Request-ID: 9b95238da20eee1036bbfa83f5bfcfe61aaf3ff8
Expires: Mon, 31 Jul 2023 14:14:05 GMT
Source-Age: 1

]
[2023-07-31 19:39:08,947: INFO: main: >>>>>> stage Data Ingestion stage completed <<<<<<

x==========x]
[2023-07-31 19:39:08,947: INFO: main: *******************]
[2023-07-31 19:39:08,947: INFO: main: >>>>>> stage Prepare base model started <<<<<<]
[2023-07-31 19:39:08,955: INFO: common: yaml file: config\config.yaml loaded successfully]
[2023-07-31 19:39:08,955: INFO: common: yaml file: params.yaml loaded successfully]
[2023-07-31 19:39:08,963: INFO: common: created directory at path :artifacts]
[2023-07-31 19:39:08,963: ERROR: main: 'configurationManager' object has no attribute 'get_prepare_base_model_config']
Traceback (most recent call last):
  File "C:\Users\Rohan Brahmakshatri\Documents\Python Scripts\EndtoEnd_Project\chicken_disease_classification_project\main.py", line 22, in <module>
    obj.main()
  File "c:\users\rohan brahmakshatri\documents\python scripts\endtoend_project\chicken_disease_classification_project\src\cnnClassifiers\pipeline\stage_02_prepare_base_model.py", line 16, in main
    prepare_base_model_config = config.get_prepare_base_model_config()
AttributeError: 'configurationManager' object has no attribute 'get_prepare_base_model_config'
[2023-07-31 19:47:33,275: INFO: main: >>>>>> stage Data Ingestion stage started <<<<<<]
[2023-07-31 19:47:33,278: INFO: common: yaml file: config\config.yaml loaded successfully]
[2023-07-31 19:47:33,286: INFO: common: yaml file: params.yaml loaded successfully]
[2023-07-31 19:47:33,294: INFO: common: created directory at path :artifacts]
[2023-07-31 19:47:33,294: INFO: common: created directory at path :artifacts/data_ingestion]
[2023-07-31 19:47:33,294: INFO: data_ingestion: file already exists of size ~11652 KB]
[2023-07-31 19:47:34,308: INFO: main: >>>>>> stage Data Ingestion stage completed <<<<<<

x==========x]
[2023-07-31 19:47:34,309: INFO: main: *******************]
[2023-07-31 19:47:34,309: INFO: main: >>>>>> stage Prepare base model started <<<<<<]
[2023-07-31 19:47:34,309: INFO: common: yaml file: config\config.yaml loaded successfully]
[2023-07-31 19:47:34,317: INFO: common: yaml file: params.yaml loaded successfully]
[2023-07-31 19:47:34,317: INFO: common: created directory at path :artifacts]
[2023-07-31 19:47:34,317: INFO: common: created directory at path :artifacts/prepare_base_model]
[2023-07-31 19:47:35,649: WARNING: saving_utils: Compiled the loaded model, but the compiled metrics have yet to be built. `model.compile_metrics` will be empty until you train or evaluate the model.]
[2023-07-31 19:47:36,328: INFO: main: >>>>>> stage Prepare base model completed <<<<<<

x==========x]
[2023-07-31 20:17:14,883: INFO: common: yaml file: config\config.yaml loaded successfully]
[2023-07-31 20:17:14,899: INFO: common: yaml file: params.yaml loaded successfully]
[2023-07-31 20:17:14,899: INFO: common: created directory at path :artifacts]
[2023-07-31 20:17:14,907: INFO: common: created directory at path :artifacts\prepare_callbacks\checkpoint_dir]
[2023-07-31 20:17:14,915: INFO: common: created directory at path :artifacts\prepare_callbacks\tensorboard_log_dir]
[2023-07-31 20:18:16,287: INFO: common: yaml file: config\config.yaml loaded successfully]
[2023-07-31 20:18:16,291: INFO: common: yaml file: params.yaml loaded successfully]
[2023-07-31 20:18:16,299: INFO: common: created directory at path :artifacts]
[2023-07-31 20:18:16,299: INFO: common: created directory at path :artifacts\prepare_callbacks\checkpoint_dir]
[2023-07-31 20:18:16,307: INFO: common: created directory at path :artifacts\prepare_callbacks\tensorboard_log_dir]
[2023-07-31 20:22:30,560: INFO: common: yaml file: config\config.yaml loaded successfully]
[2023-07-31 20:22:30,569: INFO: common: yaml file: params.yaml loaded successfully]
[2023-07-31 20:22:30,576: INFO: common: created directory at path :artifacts]
[2023-07-31 20:22:30,576: INFO: common: created directory at path :artifacts\prepare_callbacks\checkpoint_dir]
[2023-07-31 20:22:30,584: INFO: common: created directory at path :artifacts\prepare_callbacks\tensorboard_log_dir]
[2023-07-31 20:34:59,145: INFO: common: yaml file: config\config.yaml loaded successfully]
[2023-07-31 20:34:59,161: INFO: common: yaml file: params.yaml loaded successfully]
[2023-07-31 20:34:59,161: INFO: common: created directory at path :artifacts]
[2023-07-31 20:35:28,501: INFO: common: yaml file: config\config.yaml loaded successfully]
[2023-07-31 20:35:28,517: INFO: common: yaml file: params.yaml loaded successfully]
[2023-07-31 20:35:28,517: INFO: common: created directory at path :artifacts]
[2023-07-31 20:35:28,525: INFO: common: created directory at path :artifacts\prepare_callbacks\checkpoint_dir]
[2023-07-31 20:35:28,533: INFO: common: created directory at path :artifacts\prepare_callbacks\tensorboard_log_dir]
[2023-07-31 20:43:36,900: INFO: common: yaml file: config\config.yaml loaded successfully]
[2023-07-31 20:43:36,908: INFO: common: yaml file: params.yaml loaded successfully]
[2023-07-31 20:43:36,916: INFO: common: created directory at path :artifacts]
[2023-07-31 20:43:36,916: INFO: common: created directory at path :artifacts\prepare_callbacks\checkpoint_dir]
[2023-07-31 20:43:36,924: INFO: common: created directory at path :artifacts\prepare_callbacks\tensorboard_log_dir]
[2023-08-01 15:21:25,041: INFO: common: yaml file: config\config.yaml loaded successfully]
[2023-08-01 15:21:25,073: INFO: common: yaml file: params.yaml loaded successfully]
[2023-08-01 15:21:25,081: INFO: common: created directory at path :artifacts]
[2023-08-01 15:21:25,089: INFO: common: created directory at path :artifacts\prepare_callbacks\checkpoint_dir]
[2023-08-01 15:21:25,089: INFO: common: created directory at path :artifacts\prepare_callbacks\tensorboard_log_dir]
[2023-08-01 15:50:30,806: INFO: common: yaml file: config\config.yaml loaded successfully]
[2023-08-01 15:50:30,822: INFO: common: yaml file: params.yaml loaded successfully]
[2023-08-01 15:50:30,830: INFO: common: created directory at path :artifacts]
[2023-08-01 15:50:30,837: INFO: common: created directory at path :artifacts\prepare_callbacks\checkpoint_dir]
[2023-08-01 15:50:30,845: INFO: common: created directory at path :artifacts\prepare_callbacks\tensorboard_log_dir]
[2023-08-01 15:51:53,827: INFO: common: yaml file: config\config.yaml loaded successfully]
[2023-08-01 15:51:53,835: INFO: common: yaml file: params.yaml loaded successfully]
[2023-08-01 15:51:53,835: INFO: common: created directory at path :artifacts]
[2023-08-01 15:51:53,835: INFO: common: created directory at path :artifacts\training]
[2023-08-01 15:52:45,085: INFO: common: yaml file: config\config.yaml loaded successfully]
[2023-08-01 15:52:45,093: INFO: common: yaml file: params.yaml loaded successfully]
[2023-08-01 15:52:45,103: INFO: common: created directory at path :artifacts]
[2023-08-01 15:52:45,103: INFO: common: created directory at path :artifacts\training]
[2023-08-01 16:03:17,512: INFO: main: >>>>>> stage Data Ingestion stage started <<<<<<]
[2023-08-01 16:03:17,525: INFO: common: yaml file: config\config.yaml loaded successfully]
[2023-08-01 16:03:17,540: INFO: common: yaml file: params.yaml loaded successfully]
[2023-08-01 16:03:17,540: INFO: common: created directory at path :artifacts]
[2023-08-01 16:03:17,548: INFO: common: created directory at path :artifacts/data_ingestion]
[2023-08-01 16:03:17,548: INFO: data_ingestion: file already exists of size ~11652 KB]
[2023-08-01 16:03:19,003: INFO: main: >>>>>> stage Data Ingestion stage completed <<<<<<

x==========x]
[2023-08-01 16:03:19,011: INFO: main: *******************]
[2023-08-01 16:03:19,011: INFO: main: >>>>>> stage Prepare base model started <<<<<<]
[2023-08-01 16:03:19,021: INFO: common: yaml file: config\config.yaml loaded successfully]
[2023-08-01 16:03:19,029: INFO: common: yaml file: params.yaml loaded successfully]
[2023-08-01 16:03:19,029: INFO: common: created directory at path :artifacts]
[2023-08-01 16:03:19,029: INFO: common: created directory at path :artifacts/prepare_base_model]
[2023-08-01 16:03:20,616: WARNING: saving_utils: Compiled the loaded model, but the compiled metrics have yet to be built. `model.compile_metrics` will be empty until you train or evaluate the model.]
[2023-08-01 16:03:21,830: INFO: main: >>>>>> stage Prepare base model completed <<<<<<

x==========x]
[2023-08-01 16:03:21,830: INFO: main: *******************]
[2023-08-01 16:03:21,830: INFO: main: >>>>>> stage Training started <<<<<<]
[2023-08-01 16:03:21,835: ERROR: main: name 'ModelTrainingPipeline' is not defined]
Traceback (most recent call last):
  File "C:\Users\Rohan Brahmakshatri\Documents\Python Scripts\EndtoEnd_Project\chicken_disease_classification_project\main.py", line 36, in <module>
    model_trainer = ModelTrainingPipeline()
NameError: name 'ModelTrainingPipeline' is not defined
[2023-08-01 16:08:02,898: INFO: main: >>>>>> stage Data Ingestion stage started <<<<<<]
[2023-08-01 16:08:02,907: INFO: common: yaml file: config\config.yaml loaded successfully]
[2023-08-01 16:08:02,923: INFO: common: yaml file: params.yaml loaded successfully]
[2023-08-01 16:08:02,923: INFO: common: created directory at path :artifacts]
[2023-08-01 16:08:02,923: INFO: common: created directory at path :artifacts/data_ingestion]
[2023-08-01 16:08:02,923: INFO: data_ingestion: file already exists of size ~11652 KB]
[2023-08-01 16:08:03,936: INFO: main: >>>>>> stage Data Ingestion stage completed <<<<<<

x==========x]
[2023-08-01 16:08:03,951: INFO: main: *******************]
[2023-08-01 16:08:03,951: INFO: main: >>>>>> stage Prepare base model started <<<<<<]
[2023-08-01 16:08:03,959: INFO: common: yaml file: config\config.yaml loaded successfully]
[2023-08-01 16:08:03,967: INFO: common: yaml file: params.yaml loaded successfully]
[2023-08-01 16:08:03,975: INFO: common: created directory at path :artifacts]
[2023-08-01 16:08:03,975: INFO: common: created directory at path :artifacts/prepare_base_model]
[2023-08-01 16:08:05,225: WARNING: saving_utils: Compiled the loaded model, but the compiled metrics have yet to be built. `model.compile_metrics` will be empty until you train or evaluate the model.]
[2023-08-01 16:08:07,468: INFO: main: >>>>>> stage Prepare base model completed <<<<<<

x==========x]
[2023-08-01 16:08:07,468: INFO: main: *******************]
[2023-08-01 16:08:07,468: INFO: main: >>>>>> stage Training started <<<<<<]
[2023-08-01 16:08:07,481: ERROR: main: name 'ConfigurationManager' is not defined]
Traceback (most recent call last):
  File "C:\Users\Rohan Brahmakshatri\Documents\Python Scripts\EndtoEnd_Project\chicken_disease_classification_project\main.py", line 38, in <module>
    model_trainer.main()
  File "c:\users\rohan brahmakshatri\documents\python scripts\endtoend_project\chicken_disease_classification_project\src\cnnClassifiers\pipeline\stage_03_training.py", line 16, in main
    config = ConfigurationManager()
NameError: name 'ConfigurationManager' is not defined
[2023-08-01 16:08:36,735: INFO: main: >>>>>> stage Data Ingestion stage started <<<<<<]
[2023-08-01 16:08:36,745: INFO: common: yaml file: config\config.yaml loaded successfully]
[2023-08-01 16:08:36,761: INFO: common: yaml file: params.yaml loaded successfully]
[2023-08-01 16:08:36,769: INFO: common: created directory at path :artifacts]
[2023-08-01 16:08:36,769: INFO: common: created directory at path :artifacts/data_ingestion]
[2023-08-01 16:08:36,778: INFO: data_ingestion: file already exists of size ~11652 KB]
[2023-08-01 16:08:37,756: INFO: main: >>>>>> stage Data Ingestion stage completed <<<<<<

x==========x]
[2023-08-01 16:08:37,756: INFO: main: *******************]
[2023-08-01 16:08:37,766: INFO: main: >>>>>> stage Prepare base model started <<<<<<]
[2023-08-01 16:08:37,782: INFO: common: yaml file: config\config.yaml loaded successfully]
[2023-08-01 16:08:37,791: INFO: common: yaml file: params.yaml loaded successfully]
[2023-08-01 16:08:37,791: INFO: common: created directory at path :artifacts]
[2023-08-01 16:08:37,799: INFO: common: created directory at path :artifacts/prepare_base_model]
[2023-08-01 16:08:38,913: WARNING: saving_utils: Compiled the loaded model, but the compiled metrics have yet to be built. `model.compile_metrics` will be empty until you train or evaluate the model.]
[2023-08-01 16:08:39,868: INFO: main: >>>>>> stage Prepare base model completed <<<<<<

x==========x]
[2023-08-01 16:08:39,868: INFO: main: *******************]
[2023-08-01 16:08:39,868: INFO: main: >>>>>> stage Training started <<<<<<]
[2023-08-01 16:08:39,885: INFO: common: yaml file: config\config.yaml loaded successfully]
[2023-08-01 16:08:39,887: INFO: common: yaml file: params.yaml loaded successfully]
[2023-08-01 16:08:39,887: INFO: common: created directory at path :artifacts]
[2023-08-01 16:08:39,895: INFO: common: created directory at path :artifacts\training]
[2023-08-01 16:08:40,958: ERROR: main: train() missing 1 required positional argument: 'callback_list']
Traceback (most recent call last):
  File "C:\Users\Rohan Brahmakshatri\Documents\Python Scripts\EndtoEnd_Project\chicken_disease_classification_project\main.py", line 38, in <module>
    model_trainer.main()
  File "c:\users\rohan brahmakshatri\documents\python scripts\endtoend_project\chicken_disease_classification_project\src\cnnClassifiers\pipeline\stage_03_training.py", line 26, in main
    training.train(
TypeError: train() missing 1 required positional argument: 'callback_list'
[2023-08-01 16:10:44,104: INFO: main: >>>>>> stage Data Ingestion stage started <<<<<<]
[2023-08-01 16:10:44,120: INFO: common: yaml file: config\config.yaml loaded successfully]
[2023-08-01 16:10:44,128: INFO: common: yaml file: params.yaml loaded successfully]
[2023-08-01 16:10:44,136: INFO: common: created directory at path :artifacts]
[2023-08-01 16:10:44,144: INFO: common: created directory at path :artifacts/data_ingestion]
[2023-08-01 16:10:44,144: INFO: data_ingestion: file already exists of size ~11652 KB]
[2023-08-01 16:10:45,158: INFO: main: >>>>>> stage Data Ingestion stage completed <<<<<<

x==========x]
[2023-08-01 16:10:45,158: INFO: main: *******************]
[2023-08-01 16:10:45,158: INFO: main: >>>>>> stage Prepare base model started <<<<<<]
[2023-08-01 16:10:45,166: INFO: common: yaml file: config\config.yaml loaded successfully]
[2023-08-01 16:10:45,174: INFO: common: yaml file: params.yaml loaded successfully]
[2023-08-01 16:10:45,174: INFO: common: created directory at path :artifacts]
[2023-08-01 16:10:45,182: INFO: common: created directory at path :artifacts/prepare_base_model]
[2023-08-01 16:10:46,254: WARNING: saving_utils: Compiled the loaded model, but the compiled metrics have yet to be built. `model.compile_metrics` will be empty until you train or evaluate the model.]
[2023-08-01 16:10:46,934: INFO: main: >>>>>> stage Prepare base model completed <<<<<<

x==========x]
[2023-08-01 16:10:46,934: INFO: main: *******************]
[2023-08-01 16:10:46,934: INFO: main: >>>>>> stage Training started <<<<<<]
[2023-08-01 16:10:46,934: INFO: common: yaml file: config\config.yaml loaded successfully]
[2023-08-01 16:10:46,951: INFO: common: yaml file: params.yaml loaded successfully]
[2023-08-01 16:10:46,957: INFO: common: created directory at path :artifacts]
[2023-08-01 16:10:46,957: INFO: common: created directory at path :artifacts\training]
[2023-08-01 16:13:05,898: INFO: main: >>>>>> stage Training completed <<<<<<

x==========x]
[2023-08-01 16:26:09,230: INFO: common: yaml file: config\config.yaml loaded successfully]
[2023-08-01 16:26:09,271: INFO: common: yaml file: params.yaml loaded successfully]
[2023-08-01 16:26:37,513: INFO: common: yaml file: config\config.yaml loaded successfully]
[2023-08-01 16:26:37,529: INFO: common: yaml file: params.yaml loaded successfully]
[2023-08-01 16:26:37,537: INFO: common: created directory at path :artifacts]
[2023-08-01 16:27:39,451: INFO: common: json saved at path :scores.json]
[2023-08-01 16:34:29,109: INFO: main: >>>>>> stage Data Ingestion stage started <<<<<<]
[2023-08-01 16:34:29,147: INFO: common: yaml file: config\config.yaml loaded successfully]
[2023-08-01 16:34:29,155: INFO: common: yaml file: params.yaml loaded successfully]
[2023-08-01 16:34:29,163: INFO: common: created directory at path :artifacts]
[2023-08-01 16:34:29,163: INFO: common: created directory at path :artifacts/data_ingestion]
[2023-08-01 16:34:29,171: INFO: data_ingestion: file already exists of size ~11652 KB]
[2023-08-01 16:34:30,457: INFO: main: >>>>>> stage Data Ingestion stage completed <<<<<<

x==========x]
[2023-08-01 16:34:30,457: INFO: main: *******************]
[2023-08-01 16:34:30,457: INFO: main: >>>>>> stage Prepare base model started <<<<<<]
[2023-08-01 16:34:30,470: INFO: common: yaml file: config\config.yaml loaded successfully]
[2023-08-01 16:34:30,478: INFO: common: yaml file: params.yaml loaded successfully]
[2023-08-01 16:34:30,478: INFO: common: created directory at path :artifacts]
[2023-08-01 16:34:30,486: INFO: common: created directory at path :artifacts/prepare_base_model]
[2023-08-01 16:34:31,790: WARNING: saving_utils: Compiled the loaded model, but the compiled metrics have yet to be built. `model.compile_metrics` will be empty until you train or evaluate the model.]
[2023-08-01 16:34:33,018: INFO: main: >>>>>> stage Prepare base model completed <<<<<<

x==========x]
[2023-08-01 16:34:33,018: INFO: main: *******************]
[2023-08-01 16:34:33,018: INFO: main: >>>>>> stage Training started <<<<<<]
[2023-08-01 16:34:33,041: INFO: common: yaml file: config\config.yaml loaded successfully]
[2023-08-01 16:34:33,049: INFO: common: yaml file: params.yaml loaded successfully]
[2023-08-01 16:34:33,049: INFO: common: created directory at path :artifacts]
[2023-08-01 16:34:33,057: INFO: common: created directory at path :artifacts\training]
[2023-08-01 16:36:59,967: INFO: main: >>>>>> stage Training completed <<<<<<

x==========x]
[2023-08-01 16:36:59,971: INFO: main: *******************]
[2023-08-01 16:36:59,971: INFO: main: >>>>>> stage Evaluation stage started <<<<<<]
[2023-08-01 16:36:59,979: INFO: common: yaml file: config\config.yaml loaded successfully]
[2023-08-01 16:36:59,990: INFO: common: yaml file: params.yaml loaded successfully]
[2023-08-01 16:36:59,995: INFO: common: created directory at path :artifacts]
[2023-08-01 16:37:40,977: INFO: common: json saved at path :scores.json]
[2023-08-01 16:37:40,977: INFO: main: >>>>>> stage Evaluation stage completed <<<<<<

x==========x]
[2023-08-01 17:10:29,812: INFO: stage_01_data_ingestion: >>>>>> stage Data Ingestion Stage started <<<<<<]
[2023-08-01 17:10:29,828: INFO: common: yaml file: config\config.yaml loaded successfully]
[2023-08-01 17:10:29,828: INFO: common: yaml file: params.yaml loaded successfully]
[2023-08-01 17:10:29,828: INFO: common: created directory at path :artifacts]
[2023-08-01 17:10:29,828: INFO: common: created directory at path :artifacts/data_ingestion]
[2023-08-01 17:10:44,909: INFO: data_ingestion: artifacts/data_ingestion/data.zip downloaded with following info 
 Connection: close
Content-Length: 11931933
Cache-Control: max-age=300
Content-Security-Policy: default-src 'none'; style-src 'unsafe-inline'; sandbox
Content-Type: application/zip
ETag: "6867923c6ae58f6d94c541aacdc291f35adc887130d6d2f3b91541c184390016"
Strict-Transport-Security: max-age=31536000
X-Content-Type-Options: nosniff
X-Frame-Options: deny
X-XSS-Protection: 1; mode=block
X-GitHub-Request-Id: DF82:D9819:BEB65:FD50A:64C8EF37
Accept-Ranges: bytes
Date: Tue, 01 Aug 2023 11:40:42 GMT
Via: 1.1 varnish
X-Served-By: cache-ccu830046-CCU
X-Cache: MISS
X-Cache-Hits: 0
X-Timer: S1690890042.992217,VS0,VE960
Vary: Authorization,Accept-Encoding,Origin
Access-Control-Allow-Origin: *
Cross-Origin-Resource-Policy: cross-origin
X-Fastly-Request-ID: b6b8028536e369e0a2403c2716408b745ab1f910
Expires: Tue, 01 Aug 2023 11:45:42 GMT
Source-Age: 1

]
[2023-08-01 17:10:45,853: INFO: stage_01_data_ingestion: >>>>>> stage Data Ingestion Stage completed <<<<<<

x==========x]
[2023-08-01 17:11:59,412: INFO: stage_01_data_ingestion: >>>>>> stage Data Ingestion Stage started <<<<<<]
[2023-08-01 17:11:59,420: INFO: common: yaml file: config\config.yaml loaded successfully]
[2023-08-01 17:11:59,420: INFO: common: yaml file: params.yaml loaded successfully]
[2023-08-01 17:11:59,428: INFO: common: created directory at path :artifacts]
[2023-08-01 17:11:59,428: INFO: common: created directory at path :artifacts/data_ingestion]
[2023-08-01 17:11:59,428: INFO: data_ingestion: file already exists of size ~11652 KB]
[2023-08-01 17:12:00,757: INFO: stage_01_data_ingestion: >>>>>> stage Data Ingestion Stage completed <<<<<<

x==========x]
[2023-08-01 17:12:28,788: INFO: stage_02_prepare_base_model: *******************]
[2023-08-01 17:12:28,788: INFO: stage_02_prepare_base_model: >>>>>> stage Prepare base model started <<<<<<]
[2023-08-01 17:12:28,801: INFO: common: yaml file: config\config.yaml loaded successfully]
[2023-08-01 17:12:28,809: INFO: common: yaml file: params.yaml loaded successfully]
[2023-08-01 17:12:28,809: INFO: common: created directory at path :artifacts]
[2023-08-01 17:12:28,825: INFO: common: created directory at path :artifacts/prepare_base_model]
[2023-08-01 17:12:29,934: WARNING: saving_utils: Compiled the loaded model, but the compiled metrics have yet to be built. `model.compile_metrics` will be empty until you train or evaluate the model.]
[2023-08-01 17:12:30,730: INFO: stage_02_prepare_base_model: >>>>>> stage Prepare base model completed <<<<<<

x==========x]
[2023-08-01 17:12:45,572: INFO: stage_03_training: *******************]
[2023-08-01 17:12:45,572: INFO: stage_03_training: >>>>>> stage Training started <<<<<<]
[2023-08-01 17:12:45,580: INFO: common: yaml file: config\config.yaml loaded successfully]
[2023-08-01 17:12:45,588: INFO: common: yaml file: params.yaml loaded successfully]
[2023-08-01 17:12:45,588: INFO: common: created directory at path :artifacts]
[2023-08-01 17:12:45,596: INFO: common: created directory at path :artifacts\training]
[2023-08-01 17:12:46,822: ERROR: stage_03_training: [WinError 3] The system cannot find the path specified: 'artifacts\\data_ingestion\\Chicken-fecal-images']
Traceback (most recent call last):
  File "C:\Users\Rohan Brahmakshatri\Documents\Python Scripts\EndtoEnd_Project\chicken_disease_classification_project\src\cnnClassifiers\pipeline\stage_03_training.py", line 38, in <module>
    obj.main()
  File "C:\Users\Rohan Brahmakshatri\Documents\Python Scripts\EndtoEnd_Project\chicken_disease_classification_project\src\cnnClassifiers\pipeline\stage_03_training.py", line 25, in main
    training.train_valid_generator()
  File "c:\users\rohan brahmakshatri\documents\python scripts\endtoend_project\chicken_disease_classification_project\src\cnnClassifiers\components\training.py", line 32, in train_valid_generator
    self.valid_generator = valid_datagenerator.flow_from_directory(
  File "C:\Users\Rohan Brahmakshatri\anaconda3\envs\chicken\lib\site-packages\keras\src\preprocessing\image.py", line 1648, in flow_from_directory
    return DirectoryIterator(
  File "C:\Users\Rohan Brahmakshatri\anaconda3\envs\chicken\lib\site-packages\keras\src\preprocessing\image.py", line 563, in __init__
    for subdir in sorted(os.listdir(directory)):
FileNotFoundError: [WinError 3] The system cannot find the path specified: 'artifacts\\data_ingestion\\Chicken-fecal-images'
[2023-08-01 17:17:00,090: INFO: stage_01_data_ingestion: >>>>>> stage Data Ingestion Stage started <<<<<<]
[2023-08-01 17:17:00,098: INFO: common: yaml file: config\config.yaml loaded successfully]
[2023-08-01 17:17:00,105: INFO: common: yaml file: params.yaml loaded successfully]
[2023-08-01 17:17:00,105: INFO: common: created directory at path :artifacts]
[2023-08-01 17:17:00,105: INFO: common: created directory at path :artifacts/data_ingestion]
[2023-08-01 17:17:14,452: INFO: data_ingestion: artifacts/data_ingestion/data200.zip downloaded with following info 
 Connection: close
Content-Length: 11931933
Cache-Control: max-age=300
Content-Security-Policy: default-src 'none'; style-src 'unsafe-inline'; sandbox
Content-Type: application/zip
ETag: "6867923c6ae58f6d94c541aacdc291f35adc887130d6d2f3b91541c184390016"
Strict-Transport-Security: max-age=31536000
X-Content-Type-Options: nosniff
X-Frame-Options: deny
X-XSS-Protection: 1; mode=block
X-GitHub-Request-Id: DF82:D9819:BEB65:FD50A:64C8EF37
Accept-Ranges: bytes
Date: Tue, 01 Aug 2023 11:47:12 GMT
Via: 1.1 varnish
X-Served-By: cache-ccu830046-CCU
X-Cache: HIT
X-Cache-Hits: 0
X-Timer: S1690890432.150847,VS0,VE358
Vary: Authorization,Accept-Encoding,Origin
Access-Control-Allow-Origin: *
Cross-Origin-Resource-Policy: cross-origin
X-Fastly-Request-ID: f664b3f02125856086c26e9bfb9bde41ffbf38fb
Expires: Tue, 01 Aug 2023 11:52:12 GMT
Source-Age: 0

]
[2023-08-01 17:17:15,608: INFO: stage_01_data_ingestion: >>>>>> stage Data Ingestion Stage completed <<<<<<

x==========x]
[2023-08-01 17:17:39,207: INFO: stage_02_prepare_base_model: *******************]
[2023-08-01 17:17:39,207: INFO: stage_02_prepare_base_model: >>>>>> stage Prepare base model started <<<<<<]
[2023-08-01 17:17:39,222: INFO: common: yaml file: config\config.yaml loaded successfully]
[2023-08-01 17:17:39,230: INFO: common: yaml file: params.yaml loaded successfully]
[2023-08-01 17:17:39,230: INFO: common: created directory at path :artifacts]
[2023-08-01 17:17:39,238: INFO: common: created directory at path :artifacts/prepare_base_model]
[2023-08-01 17:17:40,250: WARNING: saving_utils: Compiled the loaded model, but the compiled metrics have yet to be built. `model.compile_metrics` will be empty until you train or evaluate the model.]
[2023-08-01 17:17:41,214: INFO: stage_02_prepare_base_model: >>>>>> stage Prepare base model completed <<<<<<

x==========x]
[2023-08-01 17:17:56,078: INFO: stage_03_training: *******************]
[2023-08-01 17:17:56,078: INFO: stage_03_training: >>>>>> stage Training started <<<<<<]
[2023-08-01 17:17:56,086: INFO: common: yaml file: config\config.yaml loaded successfully]
[2023-08-01 17:17:56,094: INFO: common: yaml file: params.yaml loaded successfully]
[2023-08-01 17:17:56,098: INFO: common: created directory at path :artifacts]
[2023-08-01 17:17:56,103: INFO: common: created directory at path :artifacts\training]
[2023-08-01 17:20:07,691: INFO: stage_03_training: >>>>>> stage Training completed <<<<<<

x==========x]
[2023-08-01 17:20:22,536: INFO: stage_04_evaluation: *******************]
[2023-08-01 17:20:22,540: INFO: stage_04_evaluation: >>>>>> stage Evaluation stage started <<<<<<]
[2023-08-01 17:20:22,545: INFO: common: yaml file: config\config.yaml loaded successfully]
[2023-08-01 17:20:22,552: INFO: common: yaml file: params.yaml loaded successfully]
[2023-08-01 17:20:22,556: INFO: common: created directory at path :artifacts]
[2023-08-01 17:21:03,948: INFO: common: json saved at path :scores.json]
[2023-08-01 17:21:03,948: INFO: stage_04_evaluation: >>>>>> stage Evaluation stage completed <<<<<<

x==========x]
